2020-04-18 21:44:20 INFO  ServiceLogAspect:18 - ====== 开始执行 class com.imooc.service.impl.CategoryServiceImpl.queryAllRootLevelCat ======
2020-04-18 21:44:20 INFO  ServiceLogAspect:18 - ====== 开始执行 class com.imooc.service.impl.CarouselServiceImpl.queryAll ======
2020-04-18 21:44:20 INFO  ServiceLogAspect:37 - ====== 执行结束，耗时 11 毫秒 ======
2020-04-18 21:44:20 INFO  ServiceLogAspect:37 - ====== 执行结束，耗时 13 毫秒 ======
2020-04-18 21:44:20 INFO  ServiceLogAspect:18 - ====== 开始执行 class com.imooc.service.impl.CategoryServiceImpl.getSixNewItemsLazy ======
2020-04-18 21:44:20 INFO  ServiceLogAspect:37 - ====== 执行结束，耗时 8 毫秒 ======
2020-04-18 21:44:20 INFO  ServiceLogAspect:18 - ====== 开始执行 class com.imooc.service.impl.CategoryServiceImpl.getSixNewItemsLazy ======
2020-04-18 21:44:20 INFO  ServiceLogAspect:37 - ====== 执行结束，耗时 7 毫秒 ======
2020-04-18 22:13:25 INFO  Version:21 - HV000001: Hibernate Validator 6.0.16.Final
2020-04-18 22:13:26 INFO  Application:50 - Starting Application on DESKTOP-R001AFB with PID 10648 (D:\Develop\learn\foodie\foodie-api\target\classes started by Liqil in D:\Develop\learn\foodie)
2020-04-18 22:13:26 INFO  Application:675 - No active profile set, falling back to default profiles: default
2020-04-18 22:13:26 INFO  DevToolsPropertyDefaultsPostProcessor:227 - Devtools property defaults active! Set 'spring.devtools.add-properties' to 'false' to disable
2020-04-18 22:13:26 INFO  DevToolsPropertyDefaultsPostProcessor:227 - For additional web related logging consider setting the 'logging.level.web' property to 'DEBUG'
2020-04-18 22:13:28 WARN  ClassPathMapperScanner:44 - No MyBatis mapper was found in '[com.imooc]' package. Please check your configuration.
2020-04-18 22:13:29 INFO  PostProcessorRegistrationDelegate$BeanPostProcessorChecker:330 - Bean 'org.springframework.transaction.annotation.ProxyTransactionManagementConfiguration' of type [org.springframework.transaction.annotation.ProxyTransactionManagementConfiguration$$EnhancerBySpringCGLIB$$8f243ea7] is not eligible for getting processed by all BeanPostProcessors (for example: not eligible for auto-proxying)
2020-04-18 22:13:29 INFO  TomcatWebServer:90 - Tomcat initialized with port(s): 8088 (http)
2020-04-18 22:13:29 INFO  ContextLoader:296 - Root WebApplicationContext: initialization completed in 3805 ms
2020-04-18 22:13:32 INFO  ThreadPoolTaskExecutor:171 - Initializing ExecutorService 'applicationTaskExecutor'
2020-04-18 22:13:32 WARN  OptionalLiveReloadServer:61 - Unable to start LiveReload server
2020-04-18 22:13:32 INFO  MapperCacheDisabler:60 - Clear tk.mybatis.mapper.util.MsUtil CLASS_CACHE cache.
2020-04-18 22:13:32 INFO  MapperCacheDisabler:60 - Clear tk.mybatis.mapper.genid.GenIdUtil CACHE cache.
2020-04-18 22:13:32 INFO  MapperCacheDisabler:60 - Clear tk.mybatis.mapper.version.VersionUtil CACHE cache.
2020-04-18 22:13:32 INFO  MapperCacheDisabler:83 - Clear EntityHelper entityTableMap cache.
2020-04-18 22:13:32 INFO  DocumentationPluginsBootstrapper:84 - Context refreshed
2020-04-18 22:13:32 INFO  DocumentationPluginsBootstrapper:87 - Found 1 custom documentation plugin(s)
2020-04-18 22:13:32 INFO  ApiListingReferenceScanner:44 - Scanning for api listing references
2020-04-18 22:13:33 INFO  CachingOperationNameGenerator:40 - Generating unique operation named: addUsingPOST_1
2020-04-18 22:13:33 ERROR LoggingFailureAnalysisReporter:42 - 

***************************
APPLICATION FAILED TO START
***************************

Description:

The Tomcat connector configured to listen on port 8088 failed to start. The port may already be in use or the connector may be misconfigured.

Action:

Verify the connector's configuration, identify and stop any process that's listening on port 8088, or configure this application to listen on another port.

2020-04-18 22:13:33 INFO  ThreadPoolTaskExecutor:208 - Shutting down ExecutorService 'applicationTaskExecutor'
